C51 COMPILER V9.52.0.0   LCD1602                                                           05/30/2020 11:00:49 PAGE 1   


C51 COMPILER V9.52.0.0, COMPILATION OF MODULE LCD1602
OBJECT MODULE PLACED IN LCD1602.OBJ
COMPILER INVOKED BY: D:\Keil\C51\BIN\C51.EXE LCD1602.c BROWSE DEBUG OBJECTEXTEND TABS(2)

line level    source

   1          /**********************************************************************
   2          作者: 深圳小余电子  QQ：562409206   
   3          
   4          该例程是专门为淘宝信泰微店铺的压力传感器 调试的测试代码！
   5          
   6          转载请注明出处。
   7          
   8          ***********************************************************************/
   9          
  10          #include "LCD1602.h"
  11          
  12          //****************************************************
  13          //MS延时函数(12M晶振下测试)
  14          //****************************************************
  15          void LCD1602_delay_ms(unsigned int n)
  16          {
  17   1        unsigned int  i,j;
  18   1        for(i=0;i<n;i++)
  19   1          for(j=0;j<123;j++);
  20   1      }
  21          
  22          //****************************************************
  23          //写指令
  24          //****************************************************
  25          void LCD1602_write_com(unsigned char com)
  26          {
  27   1        LCD1602_RS = 0;
  28   1        LCD1602_delay_ms(1);
  29   1        LCD1602_EN = 1;
  30   1        LCD1602_PORT = com;
  31   1        LCD1602_delay_ms(1);
  32   1        LCD1602_EN = 0;
  33   1      }
  34          
  35          //****************************************************
  36          //写数据
  37          //****************************************************
  38          void LCD1602_write_data(unsigned char dat)
  39          {
  40   1        LCD1602_RS = 1;
  41   1        LCD1602_delay_ms(1);  
  42   1        LCD1602_PORT = dat;
  43   1        LCD1602_EN = 1;
  44   1        LCD1602_delay_ms(1);
  45   1        LCD1602_EN = 0;
  46   1      }
  47          
  48          //****************************************************
  49          //连续写字符
  50          //****************************************************
  51          void LCD1602_write_word(unsigned char *s)
  52          {
  53   1        while(*s>0)
  54   1        {
  55   2          LCD1602_write_data(*s);
C51 COMPILER V9.52.0.0   LCD1602                                                           05/30/2020 11:00:49 PAGE 2   

  56   2          s++;
  57   2        }
  58   1      }
  59          
  60          void Init_LCD1602()
  61          {
  62   1        LCD1602_EN = 0;
  63   1        LCD1602_RW = 0;           //设置为写状态
  64   1        LCD1602_write_com(0x38);      //显示模式设定
  65   1        LCD1602_write_com(0x0c);      //开关显示、光标有无设置、光标闪烁设置
  66   1        LCD1602_write_com(0x06);      //写一个字符后指针加一
  67   1        LCD1602_write_com(0x01);      //清屏指令
  68   1      }
  69          
  70          


MODULE INFORMATION:   STATIC OVERLAYABLE
   CODE SIZE        =    136    ----
   CONSTANT SIZE    =   ----    ----
   XDATA SIZE       =   ----    ----
   PDATA SIZE       =   ----    ----
   DATA SIZE        =   ----       3
   IDATA SIZE       =   ----    ----
   BIT SIZE         =   ----    ----
END OF MODULE INFORMATION.


C51 COMPILATION COMPLETE.  0 WARNING(S),  0 ERROR(S)
