C51 COMPILER V9.52.0.0   MAIN                                                              05/30/2020 11:00:48 PAGE 1   


C51 COMPILER V9.52.0.0, COMPILATION OF MODULE MAIN
OBJECT MODULE PLACED IN main.OBJ
COMPILER INVOKED BY: D:\Keil\C51\BIN\C51.EXE main.c BROWSE DEBUG OBJECTEXTEND TABS(2)

line level    source

   1          /**********************************************************************
   2          作者: 深圳小余电子  QQ：562409206   
   3          
   4          该例程是专门为淘宝信泰微店铺的压力传感器 调试的测试代码！
   5          
   6          转载请注明出处。
   7          
   8          ***********************************************************************/
   9          
  10          #include "main.h"
  11          #include "HX711.h"
  12          #include "LCD1602.h"
  13          
  14          unsigned long HX711_Buffer = 0;
  15          unsigned long Weight_Maopi = 0;
  16          long Weight_Shiwu = 0;
  17          
  18          unsigned char flag = 0;
  19          bit Flag_ERROR = 0;
  20          sbit speak= P1^7;
  21          
  22          //校准参数
  23          //因为不同的传感器特性曲线不是很一致，因此，每一个传感器需要矫正这里这个参数才能使测量值很准确。
  24          //当发现测试出来的重量偏大时，增加该数值。
  25          //如果测试出来的重量偏小时，减小改数值。
  26          //该值可以为小数
  27          #define GapValue 400
  28          
  29          
  30          //****************************************************
  31          //主函数
  32          //****************************************************
  33          void main()
  34          {
  35   1        P1=0xf0;  
  36   1        /*这里为什么要给P1.0 1.1 1.2 1.3置0,因为这个开发板的液晶驱动和数码管驱动共用了,
  37   1        NPN三极管是高电平导通的,因为单片机的IO口默认开机都是1,为了给数码管断开,
  38   1        所以需要给数码管驱动手动置0. */
  39   1        Init_LCD1602();
  40   1        LCD1602_write_com(0x80);
  41   1        LCD1602_write_word("Welcome to use!");
  42   1        Delay_ms(1000);    //延时,等待传感器稳定
  43   1      
  44   1        Get_Maopi();        //称毛皮重量
  45   1        
  46   1        while(1)
  47   1        {
  48   2          EA = 0;
  49   2          Get_Weight();     //称重
  50   2          EA = 1;
  51   2      
  52   2          Scan_Key();
  53   2      
  54   2          //显示当前重量
  55   2          if( Flag_ERROR == 1)
C51 COMPILER V9.52.0.0   MAIN                                                              05/30/2020 11:00:48 PAGE 2   

  56   2          {
  57   3            LCD1602_write_com(0x80+0x40);
  58   3            LCD1602_write_word("ERROR ");
  59   3            speak=0;
  60   3          }   
  61   2          else
  62   2          {         
  63   3            speak=1;
  64   3            LCD1602_write_com(0x80+0x40);
  65   3            LCD1602_write_data(Weight_Shiwu/1000 + 0X30);
  66   3            LCD1602_write_data(Weight_Shiwu%1000/100 + 0X30);
  67   3            LCD1602_write_data(Weight_Shiwu%100/10 + 0X30);
  68   3            LCD1602_write_data(Weight_Shiwu%10 + 0X30);
  69   3            LCD1602_write_word(" g");
  70   3          }
  71   2          
  72   2        }
  73   1      }
  74          
  75          //扫描按键
  76          void Scan_Key()
  77          {
  78   1        if(KEY1 == 0)
  79   1        {
  80   2          Delay_ms(5);
  81   2          if(KEY1 == 0)
  82   2          {
  83   3            while(KEY1 == 0);
  84   3            Get_Maopi();      //去皮
  85   3          } 
  86   2        }
  87   1      }
  88          
  89          //****************************************************
  90          //称重
  91          //****************************************************
  92          void Get_Weight()
  93          {
  94   1        Weight_Shiwu = HX711_Read();
  95   1        Weight_Shiwu = Weight_Shiwu - Weight_Maopi;   //获取净重
  96   1        if(Weight_Shiwu > 0)      
  97   1        { 
  98   2          Weight_Shiwu = (unsigned int)((float)Weight_Shiwu/GapValue);  //计算实物的实际重量
  99   2                                          
 100   2                                          
 101   2          if(Weight_Shiwu > 5000)   //超重报警
 102   2          {
 103   3            Flag_ERROR = 1; 
 104   3          }
 105   2          else
 106   2          {
 107   3            Flag_ERROR = 0;
 108   3          }
 109   2        }
 110   1        else
 111   1        {
 112   2          Weight_Shiwu = 0;
 113   2        //  Flag_ERROR = 1;       //负重报警
 114   2        }
 115   1        
 116   1      }
 117          
C51 COMPILER V9.52.0.0   MAIN                                                              05/30/2020 11:00:48 PAGE 3   

 118          //****************************************************
 119          //获取毛皮重量
 120          //****************************************************
 121          void Get_Maopi()
 122          {
 123   1        Weight_Maopi = HX711_Read();  
 124   1      } 
 125          
 126          //****************************************************
 127          //MS延时函数(12M晶振下测试)
 128          //****************************************************
 129          void Delay_ms(unsigned int n)
 130          {
 131   1        unsigned int  i,j;
 132   1        for(i=0;i<n;i++)
 133   1          for(j=0;j<123;j++);
 134   1      }


MODULE INFORMATION:   STATIC OVERLAYABLE
   CODE SIZE        =    401    ----
   CONSTANT SIZE    =     26    ----
   XDATA SIZE       =   ----    ----
   PDATA SIZE       =   ----    ----
   DATA SIZE        =     13    ----
   IDATA SIZE       =   ----    ----
   BIT SIZE         =      1    ----
END OF MODULE INFORMATION.


C51 COMPILATION COMPLETE.  0 WARNING(S),  0 ERROR(S)
